<?xml version="1.0" encoding="UTF-8"?>
<!-- Generated by org.testng.reporters.JUnitXMLReporter -->
<testsuite hostname="LAPTOP-DGUP2R51" ignored="0" name="runner" tests="2" failures="0" timestamp="13 Sep 2021 07:25:11 GMT" time="50.411" errors="0">
  <testcase name="runScenario" time="25.595" classname="cucumber.api.testng.AbstractTestNGCucumberTests"/>
  <testcase name="runScenario" time="24.255" classname="cucumber.api.testng.AbstractTestNGCucumberTests">
    <skipped/>
  </testcase> <!-- runScenario -->
</testsuite> <!-- runner -->
